<?xml version="1.0" encoding="UTF-8"?>
<!-- Generated by org.testng.reporters.JUnitReportReporter -->
<testsuite skipped="0" hostname="SaudysVirus" name="com.qa.gap.testExecution.GmailTest" tests="1" failures="0" timestamp="17 Mar 2019 20:13:16 GMT" time="79.069" errors="0">
  <testcase name="gmailTest" time="79.069" classname="com.qa.gap.testExecution.GmailTest"/>
</testsuite> <!-- com.qa.gap.testExecution.GmailTest -->
