<?xml version="1.0" encoding="UTF-8"?>
<!-- Generated by org.testng.reporters.JUnitReportReporter -->
<testsuite hostname="SaudysVirus" name="com.qa.gap.testExecution.GmailTest" tests="1" failures="0" timestamp="17 Mar 2019 10:59:04 GMT" time="5.145" errors="0">
  <testcase name="gmailTest" time="5.145" classname="com.qa.gap.testExecution.GmailTest"/>
</testsuite> <!-- com.qa.gap.testExecution.GmailTest -->
